{"C:\\Users\\john\\projects\\vscode-fsl\\src\\extension.ts": {"path":"C:\\Users\\john\\projects\\vscode-fsl\\src\\extension.ts","statementMap":{"0":{"start":{"line":9,"column":2},"end":{"line":9,"column":null}},"1":{"start":{"line":9,"column":61},"end":{"line":9,"column":64}}},"fnMap":{"0":{"name":"activate","decl":{"start":{"line":8,"column":16},"end":{"line":8,"column":77}},"loc":{"start":{"line":8,"column":77},"end":{"line":10,"column":null}},"line":8},"1":{"name":"(anonymous_1)","decl":{"start":{"line":9,"column":11},"end":{"line":9,"column":30}},"loc":{"start":{"line":9,"column":61},"end":{"line":9,"column":64}},"line":9},"2":{"name":"deactivate","decl":{"start":{"line":13,"column":16},"end":{"line":13,"column":35}},"loc":{"start":{"line":13,"column":35},"end":{"line":13,"column":null}},"line":13}},"branchMap":{},"s":{"0":0,"1":0},"f":{"0":0,"1":0,"2":0},"b":{},"meta":{"lastBranch":0,"lastFunction":3,"lastStatement":2,"seen":{"f:8:16:8:77":0,"s:9:2:9:Infinity":0,"f:9:11:9:30":1,"s:9:61:9:64":1,"f:13:16:13:35":2}}}
,"C:\\Users\\john\\projects\\vscode-fsl\\src\\preview\\preview.ts": {"path":"C:\\Users\\john\\projects\\vscode-fsl\\src\\preview\\preview.ts","statementMap":{},"fnMap":{},"branchMap":{},"s":{},"f":{},"b":{},"meta":{"lastBranch":0,"lastFunction":0,"lastStatement":0,"seen":{}}}
}
