{"C:\\Users\\john\\projects\\vscode-fsl\\src\\extension.ts": {"path":"C:\\Users\\john\\projects\\vscode-fsl\\src\\extension.ts","statementMap":{"0":{"start":{"line":11,"column":2},"end":{"line":11,"column":null}},"1":{"start":{"line":11,"column":61},"end":{"line":11,"column":64}}},"fnMap":{"0":{"name":"activate","decl":{"start":{"line":10,"column":16},"end":{"line":10,"column":77}},"loc":{"start":{"line":10,"column":77},"end":{"line":12,"column":null}},"line":10},"1":{"name":"(anonymous_1)","decl":{"start":{"line":11,"column":11},"end":{"line":11,"column":30}},"loc":{"start":{"line":11,"column":61},"end":{"line":11,"column":64}},"line":11},"2":{"name":"deactivate","decl":{"start":{"line":19,"column":16},"end":{"line":19,"column":35}},"loc":{"start":{"line":19,"column":35},"end":{"line":19,"column":null}},"line":19}},"branchMap":{},"s":{"0":0,"1":0},"f":{"0":0,"1":0,"2":0},"b":{},"meta":{"lastBranch":0,"lastFunction":3,"lastStatement":2,"seen":{"f:10:16:10:77":0,"s:11:2:11:Infinity":0,"f:11:11:11:30":1,"s:11:61:11:64":1,"f:19:16:19:35":2}}}
,"C:\\Users\\john\\projects\\vscode-fsl\\src\\preview\\preview.ts": {"path":"C:\\Users\\john\\projects\\vscode-fsl\\src\\preview\\preview.ts","statementMap":{"0":{"start":{"line":8,"column":19},"end":{"line":8,"column":null}},"1":{"start":{"line":11,"column":2},"end":{"line":16,"column":null}},"2":{"start":{"line":12,"column":4},"end":{"line":12,"column":null}},"3":{"start":{"line":13,"column":4},"end":{"line":13,"column":null}},"4":{"start":{"line":15,"column":4},"end":{"line":15,"column":null}},"5":{"start":{"line":20,"column":14},"end":{"line":20,"column":null}},"6":{"start":{"line":21,"column":2},"end":{"line":21,"column":null}},"7":{"start":{"line":22,"column":2},"end":{"line":22,"column":null}},"8":{"start":{"line":23,"column":2},"end":{"line":23,"column":null}},"9":{"start":{"line":26,"column":0},"end":{"line":26,"column":null}}},"fnMap":{"0":{"name":"probe_wasm","decl":{"start":{"line":10,"column":15},"end":{"line":10,"column":45}},"loc":{"start":{"line":10,"column":45},"end":{"line":17,"column":null}},"line":10},"1":{"name":"show_probe","decl":{"start":{"line":19,"column":15},"end":{"line":19,"column":43}},"loc":{"start":{"line":19,"column":43},"end":{"line":24,"column":null}},"line":19}},"branchMap":{},"s":{"0":0,"1":0,"2":0,"3":0,"4":0,"5":0,"6":0,"7":0,"8":0,"9":0},"f":{"0":0,"1":0},"b":{},"meta":{"lastBranch":0,"lastFunction":2,"lastStatement":10,"seen":{"s:8:19:8:Infinity":0,"f:10:15:10:45":0,"s:11:2:16:Infinity":1,"s:12:4:12:Infinity":2,"s:13:4:13:Infinity":3,"s:15:4:15:Infinity":4,"f:19:15:19:43":1,"s:20:14:20:Infinity":5,"s:21:2:21:Infinity":6,"s:22:2:22:Infinity":7,"s:23:2:23:Infinity":8,"s:26:0:26:Infinity":9}}}
}
